#
# There is insufficient memory for the Java Runtime Environment to continue.
# Native memory allocation (malloc) failed to allocate 39845888 bytes for committing reserved memory.
# Possible reasons:
#   The system is out of physical RAM or swap space
#   In 32 bit mode, the process size limit was hit
# Possible solutions:
#   Reduce memory load on the system
#   Increase physical memory or swap space
#   Check if swap backing store is full
#   Use 64 bit Java on a 64 bit OS
#   Decrease Java heap size (-Xmx/-Xms)
#   Decrease number of Java threads
#   Decrease Java thread stack sizes (-Xss)
#   Set larger code cache with -XX:ReservedCodeCacheSize=
# This output file may be truncated or incomplete.
#
#  Out of Memory Error (os_linux.cpp:2756), pid=7843, tid=2887777088
#
# JRE version: Java(TM) SE Runtime Environment (7.0_79-b15) (build 1.7.0_79-b15)
# Java VM: Java HotSpot(TM) Server VM (24.79-b02 mixed mode linux-x86 )
# Failed to write core dump. Core dumps have been disabled. To enable core dumping, try "ulimit -c unlimited" before starting Java again
#

---------------  T H R E A D  ---------------

Current thread (0xac080800):  VMThread [stack: 0xac17f000,0xac200000] [id=7884]

Stack: [0xac17f000,0xac200000],  sp=0xac1fe750,  free space=509k
Native frames: (J=compiled Java code, j=interpreted, Vv=VM code, C=native code)
V  [libjvm.so+0x7eab16]  VMError::report_and_die()+0x1a6
V  [libjvm.so+0x33e222]  report_vm_out_of_memory(char const*, int, unsigned int, char const*)+0x72
V  [libjvm.so+0x686a41]  os::Linux::commit_memory_impl(char*, unsigned int, bool)+0xe1
V  [libjvm.so+0x686f08]  os::pd_commit_memory(char*, unsigned int, unsigned int, bool)+0x28
V  [libjvm.so+0x68064c]  os::commit_memory(char*, unsigned int, unsigned int, bool)+0x2c
V  [libjvm.so+0x6eae98]  PSVirtualSpace::expand_by(unsigned int)+0x48
V  [libjvm.so+0x6ebf9a]  PSYoungGen::resize_generation(unsigned int, unsigned int)+0xda
V  [libjvm.so+0x6eb2d9]  PSYoungGen::resize(unsigned int, unsigned int)+0x19
V  [libjvm.so+0x6e8c09]  PSScavenge::invoke_no_policy()+0xcf9
V  [libjvm.so+0x6e9468]  PSScavenge::invoke()+0x28
V  [libjvm.so+0x7ec32d]  VM_ParallelGCSystemGC::doit()+0xfd
V  [libjvm.so+0x7f51c7]  VM_Operation::evaluate()+0x47
V  [libjvm.so+0x7f3263]  VMThread::evaluate_operation(VM_Operation*)+0xb3
V  [libjvm.so+0x7f3600]  VMThread::loop()+0x1b0
V  [libjvm.so+0x7f3a65]  VMThread::run()+0x85
V  [libjvm.so+0x688d19]  java_start(Thread*)+0x119
C  [libpthread.so.0+0x6f70]  start_thread+0xd0

VM_Operation (0xf6791bcc): ParallelGCSystemGC, mode: safepoint, requested by thread 0xf6607800


---------------  P R O C E S S  ---------------

Java Threads: ( => current thread )
  0xab742000 JavaThread "pool-1-thread-4" [_thread_blocked, id=7934, stack(0xab45e000,0xab4af000)]
  0xab741000 JavaThread "pool-1-thread-3" [_thread_blocked, id=7933, stack(0xab4af000,0xab500000)]
  0xab740400 JavaThread "pool-1-thread-2" [_thread_blocked, id=7930, stack(0xab60d000,0xab65e000)]
  0xab73d800 JavaThread "pool-2-thread-1" [_thread_blocked, id=7925, stack(0xab65e000,0xab6af000)]
  0xab73b400 JavaThread "pool-1-thread-1" [_thread_blocked, id=7921, stack(0xab6af000,0xab700000)]
  0xac09b400 JavaThread "Service Thread" daemon [_thread_blocked, id=7906, stack(0xab8be000,0xab90f000)]
  0xac099800 JavaThread "C2 CompilerThread1" daemon [_thread_blocked, id=7904, stack(0xab90f000,0xab990000)]
  0xac097400 JavaThread "C2 CompilerThread0" daemon [_thread_blocked, id=7898, stack(0xabe2e000,0xabeaf000)]
  0xac095c00 JavaThread "Signal Dispatcher" daemon [_thread_blocked, id=7895, stack(0xabeaf000,0xabf00000)]
  0xac084800 JavaThread "Finalizer" daemon [_thread_blocked, id=7892, stack(0xac12e000,0xac17f000)]
  0xac083000 JavaThread "Reference Handler" daemon [_thread_blocked, id=7888, stack(0xaeb2e000,0xaeb7f000)]
  0xf6607800 JavaThread "main" [_thread_blocked, id=7859, stack(0xf6742000,0xf6793000)]

Other Threads:
=>0xac080800 VMThread [stack: 0xac17f000,0xac200000] [id=7884]
  0xac09d000 WatcherThread [stack: 0xab83d000,0xab8be000] [id=7911]

VM state:at safepoint (normal execution)

VM Mutex/Monitor currently owned by a thread:  ([mutex/lock_event])
[0xf6604f20] Threads_lock - owner thread: 0xac080800
[0xf6605330] Heap_lock - owner thread: 0xf6607800
[0xf6605810] MethodData_lock - owner thread: 0xab73d800

Heap
 PSYoungGen      total 33792K, used 2554K [0xddf80000, 0xe0300000, 0xf3500000)
  eden space 31232K, 0% used [0xddf80000,0xddf80000,0xdfe00000)
  from space 2560K, 99% used [0xdfe00000,0xe007eb00,0xe0080000)
  to   space 2560K, 0% used [0xe0080000,0xe0080000,0xe0300000)
 ParOldGen       total 41216K, used 6231K [0xb3500000, 0xb5d40000, 0xddf80000)
  object space 41216K, 15% used [0xb3500000,0xb3b15c38,0xb5d40000)
 PSPermGen       total 16384K, used 3903K [0xaf500000, 0xb0500000, 0xb3500000)
  object space 16384K, 23% used [0xaf500000,0xaf8cfcd0,0xb0500000)

Card table byte_map: [0xaf2df000,0xaf500000] byte_map_base: 0xaed64800

Polling page: 0xf76d9000

Code Cache  [0xf35c0000, 0xf3800000, 0xf65c0000)
 total_blobs=316 nmethods=193 adapters=76 free_code_cache=48598Kb largest_free_block=49741312

Compilation events (10 events):
Event: 32.757 Thread 0xac097400 nmethod 188 0xf364df08 code [0xf364e0c0, 0xf364eb98]
Event: 32.757 Thread 0xac097400  189             com.android.dx.util.Bits::makeBitSet (11 bytes)
Event: 32.758 Thread 0xac097400 nmethod 189 0xf3646bc8 code [0xf3646cc0, 0xf3646d90]
Event: 32.758 Thread 0xac097400  190             java.util.BitSet::or (105 bytes)
Event: 32.766 Thread 0xac097400 nmethod 190 0xf3649508 code [0xf3649620, 0xf364987c]
Event: 32.766 Thread 0xac097400  191             com.android.dx.rop.code.BasicBlockList$RegCountVisitor::visit (52 bytes)
Event: 32.773 Thread 0xac097400 nmethod 191 0xf3648d48 code [0xf3648e60, 0xf36490d0]
Event: 32.773 Thread 0xac097400  192             java.util.Collections$UnmodifiableCollection$1::hasNext (10 bytes)
Event: 32.775 Thread 0xac097400 nmethod 192 0xf3645008 code [0xf3645100, 0xf36451b0]
Event: 32.775 Thread 0xac097400  193             com.android.dx.ssa.back.LivenessAnalyzer::run (231 bytes)

GC Heap History (9 events):
Event: 20.040 GC heap before
{Heap before GC invocations=1 (full 0):
 PSYoungGen      total 18176K, used 15616K [0xddf80000, 0xdf3c0000, 0xf3500000)
  eden space 15616K, 100% used [0xddf80000,0xdeec0000,0xdeec0000)
  from space 2560K, 0% used [0xdf140000,0xdf140000,0xdf3c0000)
  to   space 2560K, 0% used [0xdeec0000,0xdeec0000,0xdf140000)
 ParOldGen       total 41216K, used 0K [0xb3500000, 0xb5d40000, 0xddf80000)
  object space 41216K, 0% used [0xb3500000,0xb3500000,0xb5d40000)
 PSPermGen       total 16384K, used 2759K [0xaf500000, 0xb0500000, 0xb3500000)
  object space 16384K, 16% used [0xaf500000,0xaf7b1ea8,0xb0500000)
Event: 20.155 GC heap after
Heap after GC invocations=1 (full 0):
 PSYoungGen      total 18176K, used 1242K [0xddf80000, 0xdf3c0000, 0xf3500000)
  eden space 15616K, 0% used [0xddf80000,0xddf80000,0xdeec0000)
  from space 2560K, 48% used [0xdeec0000,0xdeff6a08,0xdf140000)
  to   space 2560K, 0% used [0xdf140000,0xdf140000,0xdf3c0000)
 ParOldGen       total 41216K, used 0K [0xb3500000, 0xb5d40000, 0xddf80000)
  object space 41216K, 0% used [0xb3500000,0xb3500000,0xb5d40000)
 PSPermGen       total 16384K, used 2759K [0xaf500000, 0xb0500000, 0xb3500000)
  object space 16384K, 16% used [0xaf500000,0xaf7b1ea8,0xb0500000)
}
Event: 22.101 GC heap before
{Heap before GC invocations=2 (full 0):
 PSYoungGen      total 18176K, used 16858K [0xddf80000, 0xdf3c0000, 0xf3500000)
  eden space 15616K, 100% used [0xddf80000,0xdeec0000,0xdeec0000)
  from space 2560K, 48% used [0xdeec0000,0xdeff6a08,0xdf140000)
  to   space 2560K, 0% used [0xdf140000,0xdf140000,0xdf3c0000)
 ParOldGen       total 41216K, used 0K [0xb3500000, 0xb5d40000, 0xddf80000)
  object space 41216K, 0% used [0xb3500000,0xb3500000,0xb5d40000)
 PSPermGen       total 16384K, used 3808K [0xaf500000, 0xb0500000, 0xb3500000)
  object space 16384K, 23% used [0xaf500000,0xaf8b8270,0xb0500000)
Event: 22.127 GC heap after
Heap after GC invocations=2 (full 0):
 PSYoungGen      total 18176K, used 2549K [0xddf80000, 0xdf3c0000, 0xf3500000)
  eden space 15616K, 0% used [0xddf80000,0xddf80000,0xdeec0000)
  from space 2560K, 99% used [0xdf140000,0xdf3bd480,0xdf3c0000)
  to   space 2560K, 0% used [0xdeec0000,0xdeec0000,0xdf140000)
 ParOldGen       total 41216K, used 1841K [0xb3500000, 0xb5d40000, 0xddf80000)
  object space 41216K, 4% used [0xb3500000,0xb36cc540,0xb5d40000)
 PSPermGen       total 16384K, used 3808K [0xaf500000, 0xb0500000, 0xb3500000)
  object space 16384K, 23% used [0xaf500000,0xaf8b8270,0xb0500000)
}
Event: 31.959 GC heap before
{Heap before GC invocations=3 (full 0):
 PSYoungGen      total 18176K, used 18165K [0xddf80000, 0xdf3c0000, 0xf3500000)
  eden space 15616K, 100% used [0xddf80000,0xdeec0000,0xdeec0000)
  from space 2560K, 99% used [0xdf140000,0xdf3bd480,0xdf3c0000)
  to   space 2560K, 0% used [0xdeec0000,0xdeec0000,0xdf140000)
 ParOldGen       total 41216K, used 1841K [0xb3500000, 0xb5d40000, 0xddf80000)
  object space 41216K, 4% used [0xb3500000,0xb36cc540,0xb5d40000)
 PSPermGen       total 16384K, used 3876K [0xaf500000, 0xb0500000, 0xb3500000)
  object space 16384K, 23% used [0xaf500000,0xaf8c9350,0xb0500000)
Event: 32.565 GC heap after
Heap after GC invocations=3 (full 0):
 PSYoungGen      total 18176K, used 2545K [0xddf80000, 0xe0300000, 0xf3500000)
  eden space 15616K, 0% used [0xddf80000,0xddf80000,0xdeec0000)
  from space 2560K, 99% used [0xdeec0000,0xdf13c6e0,0xdf140000)
  to   space 2560K, 0% used [0xe0080000,0xe0080000,0xe0300000)
 ParOldGen       total 41216K, used 3916K [0xb3500000, 0xb5d40000, 0xddf80000)
  object space 41216K, 9% used [0xb3500000,0xb38d3360,0xb5d40000)
 PSPermGen       total 16384K, used 3876K [0xaf500000, 0xb0500000, 0xb3500000)
  object space 16384K, 23% used [0xaf500000,0xaf8c9350,0xb0500000)
}
Event: 44.827 GC heap before
{Heap before GC invocations=4 (full 0):
 PSYoungGen      total 18176K, used 18161K [0xddf80000, 0xe0300000, 0xf3500000)
  eden space 15616K, 100% used [0xddf80000,0xdeec0000,0xdeec0000)
  from space 2560K, 99% used [0xdeec0000,0xdf13c6e0,0xdf140000)
  to   space 2560K, 0% used [0xe0080000,0xe0080000,0xe0300000)
 ParOldGen       total 41216K, used 3917K [0xb3500000, 0xb5d40000, 0xddf80000)
  object space 41216K, 9% used [0xb3500000,0xb38d34d8,0xb5d40000)
 PSPermGen       total 16384K, used 3903K [0xaf500000, 0xb0500000, 0xb3500000)
  object space 16384K, 23% used [0xaf500000,0xaf8cfcd0,0xb0500000)
Event: 48.406 GC heap after
Heap after GC invocations=4 (full 0):
 PSYoungGen      total 33792K, used 2545K [0xddf80000, 0xe0300000, 0xf3500000)
  eden space 31232K, 0% used [0xddf80000,0xddf80000,0xdfe00000)
  from space 2560K, 99% used [0xe0080000,0xe02fc6e0,0xe0300000)
  to   space 2560K, 0% used [0xdfe00000,0xdfe00000,0xe0080000)
 ParOldGen       total 41216K, used 6195K [0xb3500000, 0xb5d40000, 0xddf80000)
  object space 41216K, 15% used [0xb3500000,0xb3b0cc38,0xb5d40000)
 PSPermGen       total 16384K, used 3903K [0xaf500000, 0xb0500000, 0xb3500000)
  object space 16384K, 23% used [0xaf500000,0xaf8cfcd0,0xb0500000)
}
Event: 57.716 GC heap before
{Heap before GC invocations=5 (full 0):
 PSYoungGen      total 33792K, used 2638K [0xddf80000, 0xe0300000, 0xf3500000)
  eden space 31232K, 0% used [0xddf80000,0xddf97180,0xdfe00000)
  from space 2560K, 99% used [0xe0080000,0xe02fc6e0,0xe0300000)
  to   space 2560K, 0% used [0xdfe00000,0xdfe00000,0xe0080000)
 ParOldGen       total 41216K, used 6195K [0xb3500000, 0xb5d40000, 0xddf80000)
  object space 41216K, 15% used [0xb3500000,0xb3b0cc38,0xb5d40000)
 PSPermGen       total 16384K, used 3903K [0xaf500000, 0xb0500000, 0xb3500000)
  object space 16384K, 23% used [0xaf500000,0xaf8cfcd0,0xb0500000)

Deoptimization events (3 events):
Event: 21.399 Thread 0xab740400 Uncommon trap: reason=null_check action=make_not_entrant pc=0xf36235cc method=com.android.dx.rop.code.LocalItem.equals(Ljava/lang/Object;)Z @ 1
Event: 25.929 Thread 0xab740400 Uncommon trap: reason=unreached action=reinterpret pc=0xf3628414 method=com.android.dx.rop.cst.Constant.compareTo(Lcom/android/dx/rop/cst/Constant;)I @ 12
Event: 26.275 Thread 0xab740400 Uncommon trap: reason=null_check action=make_not_entrant pc=0xf362bd54 method=com.android.dx.ssa.SsaRenamer.getLocalForNewReg(I)Lcom/android/dx/rop/code/LocalItem; @ 19

Internal exceptions (10 events):
Event: 21.073 Thread 0xab742000 Threw 0xde55da00 at /HUDSON/workspace/7u-2-build-linux-i586/jdk7u79/2331/hotspot/src/share/vm/prims/jvm.cpp:1304
Event: 21.073 Thread 0xf6607800 Threw 0xde466fc8 at /HUDSON/workspace/7u-2-build-linux-i586/jdk7u79/2331/hotspot/src/share/vm/prims/jvm.cpp:1304
Event: 21.106 Thread 0xab741000 Threw 0xde5ed7a0 at /HUDSON/workspace/7u-2-build-linux-i586/jdk7u79/2331/hotspot/src/share/vm/prims/jvm.cpp:1304
Event: 21.129 Thread 0xf6607800 Threw 0xde656678 at /HUDSON/workspace/7u-2-build-linux-i586/jdk7u79/2331/hotspot/src/share/vm/prims/jvm.cpp:1304
Event: 21.129 Thread 0xf6607800 Threw 0xde658758 at /HUDSON/workspace/7u-2-build-linux-i586/jdk7u79/2331/hotspot/src/share/vm/prims/jvm.cpp:1304
Event: 21.185 Thread 0xab741000 Threw 0xde77b690 at /HUDSON/workspace/7u-2-build-linux-i586/jdk7u79/2331/hotspot/src/share/vm/prims/jvm.cpp:1304
Event: 21.399 Thread 0xab740400 Implicit null exception at 0xf3622d8e to 0xf36235b5
Event: 21.536 Thread 0xab740400 Threw 0xdea717b8 at /HUDSON/workspace/7u-2-build-linux-i586/jdk7u79/2331/hotspot/src/share/vm/prims/jvm.cpp:1304
Event: 25.933 Thread 0xab742000 Threw 0xde5298b0 at /HUDSON/workspace/7u-2-build-linux-i586/jdk7u79/2331/hotspot/src/share/vm/prims/jvm.cpp:1304
Event: 26.194 Thread 0xab740400 Implicit null exception at 0xf362b408 to 0xf362bd45

Events (10 events):
Event: 31.326 Executing VM operation: ParallelGCFailedAllocation
Event: 32.565 Executing VM operation: ParallelGCFailedAllocation done
Event: 32.565 loading class 0xaee52858 done
Event: 32.565 loading class 0xaee52828
Event: 32.565 loading class 0xaee52828 done
Event: 40.805 Executing VM operation: ParallelGCFailedAllocation
Event: 43.764 Executing VM operation: ParallelGCFailedAllocation done
Event: 44.028 Executing VM operation: ParallelGCFailedAllocation
Event: 49.764 Executing VM operation: ParallelGCFailedAllocation done
Event: 52.442 Executing VM operation: ParallelGCSystemGC


Dynamic libraries:
08048000-08049000 r-xp 00000000 00:21 1845628                            /home/fadi/jdk1.8.0_11/bin/java
08049000-0804a000 rw-p 00000000 00:21 1845628                            /home/fadi/jdk1.8.0_11/bin/java
09629000-0966b000 rw-p 00000000 00:00 0                                  [heap]
aab00000-aab86000 rw-p 00000000 00:00 0 
aab86000-aac00000 ---p 00000000 00:00 0 
aad00000-aadfa000 rw-p 00000000 00:00 0 
aadfa000-aae00000 ---p 00000000 00:00 0 
aae00000-aaed3000 rw-p 00000000 00:00 0 
aaed3000-aaf00000 ---p 00000000 00:00 0 
aaf00000-aafc0000 rw-p 00000000 00:00 0 
aafc0000-ab000000 ---p 00000000 00:00 0 
ab000000-ab100000 rw-p 00000000 00:00 0 
ab100000-ab1fc000 rw-p 00000000 00:00 0 
ab1fc000-ab200000 ---p 00000000 00:00 0 
ab300000-ab3fe000 rw-p 00000000 00:00 0 
ab3fe000-ab400000 ---p 00000000 00:00 0 
ab45e000-ab461000 ---p 00000000 00:00 0 
ab461000-ab4af000 rw-p 00000000 00:00 0                                  [stack:7934]
ab4af000-ab4b2000 ---p 00000000 00:00 0 
ab4b2000-ab500000 rw-p 00000000 00:00 0                                  [stack:7933]
ab500000-ab5fe000 rw-p 00000000 00:00 0 
ab5fe000-ab600000 ---p 00000000 00:00 0 
ab60d000-ab610000 ---p 00000000 00:00 0 
ab610000-ab65e000 rw-p 00000000 00:00 0                                  [stack:7930]
ab65e000-ab661000 ---p 00000000 00:00 0 
ab661000-ab6af000 rw-p 00000000 00:00 0                                  [stack:7925]
ab6af000-ab6b2000 ---p 00000000 00:00 0 
ab6b2000-ab700000 rw-p 00000000 00:00 0                                  [stack:7921]
ab700000-ab75a000 rw-p 00000000 00:00 0 
ab75a000-ab800000 ---p 00000000 00:00 0 
ab83d000-ab83e000 ---p 00000000 00:00 0 
ab83e000-ab8be000 rw-p 00000000 00:00 0                                  [stack:7911]
ab8be000-ab8c1000 ---p 00000000 00:00 0 
ab8c1000-ab90f000 rw-p 00000000 00:00 0                                  [stack:7906]
ab90f000-ab912000 ---p 00000000 00:00 0 
ab912000-ab990000 rw-p 00000000 00:00 0                                  [stack:7904]
ab990000-abb00000 r--p 001bc000 08:06 2105362                            /usr/lib/locale/locale-archive
abb00000-abd00000 r--p 00000000 08:06 2105362                            /usr/lib/locale/locale-archive
abd00000-abd21000 rw-p 00000000 00:00 0 
abd21000-abe00000 ---p 00000000 00:00 0 
abe2e000-abe31000 ---p 00000000 00:00 0 
abe31000-abeaf000 rw-p 00000000 00:00 0                                  [stack:7898]
abeaf000-abeb2000 ---p 00000000 00:00 0 
abeb2000-abf00000 rw-p 00000000 00:00 0                                  [stack:7895]
abf00000-abffc000 rw-p 00000000 00:00 0 
abffc000-ac000000 ---p 00000000 00:00 0 
ac000000-ac0f9000 rw-p 00000000 00:00 0 
ac0f9000-ac100000 ---p 00000000 00:00 0 
ac12e000-ac131000 ---p 00000000 00:00 0 
ac131000-ac17f000 rw-p 00000000 00:00 0                                  [stack:7892]
ac17f000-ac180000 ---p 00000000 00:00 0 
ac180000-ac200000 rw-p 00000000 00:00 0                                  [stack:7884]
ac200000-ac3c0000 r--s 039f7000 00:21 1845641                            /home/fadi/jdk1.8.0_11/jre/lib/rt.jar
ac3c0000-aea00000 rw-p 00000000 00:00 0 
aea00000-aeaec000 rw-p 00000000 00:00 0 
aeaec000-aeb00000 ---p 00000000 00:00 0 
aeb09000-aeb1e000 r-xp 00000000 00:21 1846124                            /home/fadi/jdk1.8.0_11/jre/lib/i386/libnet.so
aeb1e000-aeb1f000 rw-p 00014000 00:21 1846124                            /home/fadi/jdk1.8.0_11/jre/lib/i386/libnet.so
aeb1f000-aeb2d000 r-xp 00000000 00:21 1846133                            /home/fadi/jdk1.8.0_11/jre/lib/i386/libnio.so
aeb2d000-aeb2e000 rw-p 0000e000 00:21 1846133                            /home/fadi/jdk1.8.0_11/jre/lib/i386/libnio.so
aeb2e000-aeb31000 ---p 00000000 00:00 0 
aeb31000-aeb7f000 rw-p 00000000 00:00 0                                  [stack:7888]
aeb7f000-aeb80000 ---p 00000000 00:00 0 
aeb80000-aec00000 rw-p 00000000 00:00 0                                  [stack:7877]
aec00000-aec21000 rw-p 00000000 00:00 0 
aec21000-aed00000 ---p 00000000 00:00 0 
aed00000-aed21000 rw-p 00000000 00:00 0 
aed21000-aee00000 ---p 00000000 00:00 0 
aee00000-aee15000 r--s 000e5000 00:21 156720                             /home/fadi/AndroidStudioProjects/random/app/build/intermediates/exploded-aar/com.android.support/support-v4/23.1.1/jars/classes.jar
aee15000-aee24000 r--s 000df000 00:21 1977273                            /home/fadi/Android/Sdk/build-tools/23.0.2/lib/dx.jar
aee24000-aee7f000 rw-p 00000000 00:00 0 
aee7f000-aee80000 ---p 00000000 00:00 0 
aee80000-aef00000 rw-p 00000000 00:00 0                                  [stack:7876]
aef00000-aef24000 rw-p 00000000 00:00 0 
aef24000-af000000 ---p 00000000 00:00 0 
af002000-af067000 rw-p 00000000 00:00 0 
af067000-af068000 ---p 00000000 00:00 0 
af068000-af0e8000 rw-p 00000000 00:00 0                                  [stack:7874]
af0e8000-af0e9000 ---p 00000000 00:00 0 
af0e9000-af171000 rw-p 00000000 00:00 0                                  [stack:7871]
af171000-af189000 rw-p 00000000 00:00 0 
af189000-af19e000 rw-p 00000000 00:00 0 
af19e000-af2df000 rw-p 00000000 00:00 0 
af2df000-af2e7000 rw-p 00000000 00:00 0 
af2e7000-af2ff000 rw-p 00000000 00:00 0 
af2ff000-af314000 rw-p 00000000 00:00 0 
af314000-af454000 rw-p 00000000 00:00 0 
af454000-af466000 rw-p 00000000 00:00 0 
af466000-af4ff000 rw-p 00000000 00:00 0 
af4ff000-b0500000 rw-p 00000000 00:00 0 
b0500000-b3500000 rw-p 00000000 00:00 0 
b3500000-b5d40000 rw-p 00000000 00:00 0 
b5d40000-ddf80000 rw-p 00000000 00:00 0 
ddf80000-e0300000 rw-p 00000000 00:00 0 
e26e4000-e2900000 rw-p 00000000 00:00 0 
e2900000-f3500000 rw-p 00000000 00:00 0 
f3500000-f3509000 rw-p 00000000 00:00 0 
f3509000-f35c0000 rw-p 00000000 00:00 0 
f35c0000-f3800000 rwxp 00000000 00:00 0 
f3800000-f65c0000 rw-p 00000000 00:00 0 
f65c0000-f65cb000 r-xp 00000000 08:06 395164                             /lib/i386-linux-gnu/libnss_files-2.19.so
f65cb000-f65cc000 r--p 0000a000 08:06 395164                             /lib/i386-linux-gnu/libnss_files-2.19.so
f65cc000-f65cd000 rw-p 0000b000 08:06 395164                             /lib/i386-linux-gnu/libnss_files-2.19.so
f65cd000-f65e2000 r-xp 00000000 08:06 395151                             /lib/i386-linux-gnu/libnsl-2.19.so
f65e2000-f65e3000 r--p 00015000 08:06 395151                             /lib/i386-linux-gnu/libnsl-2.19.so
f65e3000-f65e4000 rw-p 00016000 08:06 395151                             /lib/i386-linux-gnu/libnsl-2.19.so
f65e4000-f65e6000 rw-p 00000000 00:00 0 
f65e8000-f65ff000 r-xp 00000000 00:21 1846146                            /home/fadi/jdk1.8.0_11/jre/lib/i386/libzip.so
f65ff000-f6600000 rw-p 00017000 00:21 1846146                            /home/fadi/jdk1.8.0_11/jre/lib/i386/libzip.so
f6600000-f66f6000 rw-p 00000000 00:00 0 
f66f6000-f6700000 ---p 00000000 00:00 0 
f6700000-f6701000 rw-p 00000000 00:00 0 
f6701000-f6709000 rw-s 00000000 08:06 157673                             /tmp/hsperfdata_fadi/7843
f6709000-f6713000 r-xp 00000000 08:06 395150                             /lib/i386-linux-gnu/libnss_nis-2.19.so
f6713000-f6714000 r--p 00009000 08:06 395150                             /lib/i386-linux-gnu/libnss_nis-2.19.so
f6714000-f6715000 rw-p 0000a000 08:06 395150                             /lib/i386-linux-gnu/libnss_nis-2.19.so
f6715000-f6738000 r-xp 00000000 00:21 1846109                            /home/fadi/jdk1.8.0_11/jre/lib/i386/libjava.so
f6738000-f6739000 rw-p 00023000 00:21 1846109                            /home/fadi/jdk1.8.0_11/jre/lib/i386/libjava.so
f6739000-f6740000 r-xp 00000000 08:06 395165                             /lib/i386-linux-gnu/librt-2.19.so
f6740000-f6741000 r--p 00006000 08:06 395165                             /lib/i386-linux-gnu/librt-2.19.so
f6741000-f6742000 rw-p 00007000 08:06 395165                             /lib/i386-linux-gnu/librt-2.19.so
f6742000-f6745000 ---p 00000000 00:00 0 
f6745000-f6793000 rw-p 00000000 00:00 0                                  [stack:7859]
f6793000-f67d7000 r-xp 00000000 08:06 395155                             /lib/i386-linux-gnu/libm-2.19.so
f67d7000-f67d8000 r--p 00043000 08:06 395155                             /lib/i386-linux-gnu/libm-2.19.so
f67d8000-f67d9000 rw-p 00044000 08:06 395155                             /lib/i386-linux-gnu/libm-2.19.so
f67d9000-f7060000 r-xp 00000000 00:21 1846145                            /home/fadi/jdk1.8.0_11/jre/lib/i386/server/libjvm.so
f7060000-f70c5000 rw-p 00886000 00:21 1846145                            /home/fadi/jdk1.8.0_11/jre/lib/i386/server/libjvm.so
f70c5000-f74e8000 rw-p 00000000 00:00 0 
f74e8000-f7690000 r-xp 00000000 08:06 395147                             /lib/i386-linux-gnu/libc-2.19.so
f7690000-f7692000 r--p 001a8000 08:06 395147                             /lib/i386-linux-gnu/libc-2.19.so
f7692000-f7693000 rw-p 001aa000 08:06 395147                             /lib/i386-linux-gnu/libc-2.19.so
f7693000-f7696000 rw-p 00000000 00:00 0 
f7696000-f7699000 r-xp 00000000 08:06 395148                             /lib/i386-linux-gnu/libdl-2.19.so
f7699000-f769a000 r--p 00002000 08:06 395148                             /lib/i386-linux-gnu/libdl-2.19.so
f769a000-f769b000 rw-p 00003000 08:06 395148                             /lib/i386-linux-gnu/libdl-2.19.so
f769b000-f769c000 rw-p 00000000 00:00 0 
f769c000-f76af000 r-xp 00000000 00:21 1713910                            /home/fadi/jdk1.8.0_11/lib/i386/jli/libjli.so
f76af000-f76b0000 rw-p 00012000 00:21 1713910                            /home/fadi/jdk1.8.0_11/lib/i386/jli/libjli.so
f76b0000-f76c8000 r-xp 00000000 08:06 395160                             /lib/i386-linux-gnu/libpthread-2.19.so
f76c8000-f76c9000 r--p 00018000 08:06 395160                             /lib/i386-linux-gnu/libpthread-2.19.so
f76c9000-f76ca000 rw-p 00019000 08:06 395160                             /lib/i386-linux-gnu/libpthread-2.19.so
f76ca000-f76cd000 rw-p 00000000 00:00 0 
f76cd000-f76ce000 r--p 00469000 08:06 2105362                            /usr/lib/locale/locale-archive
f76ce000-f76cf000 r--p 006e2000 08:06 2105362                            /usr/lib/locale/locale-archive
f76cf000-f76d6000 r-xp 00000000 08:06 395156                             /lib/i386-linux-gnu/libnss_compat-2.19.so
f76d6000-f76d7000 r--p 00006000 08:06 395156                             /lib/i386-linux-gnu/libnss_compat-2.19.so
f76d7000-f76d8000 rw-p 00007000 08:06 395156                             /lib/i386-linux-gnu/libnss_compat-2.19.so
f76d8000-f76d9000 rw-p 00000000 00:00 0 
f76d9000-f76da000 ---p 00000000 00:00 0 
f76da000-f76e5000 r-xp 00000000 00:21 1846091                            /home/fadi/jdk1.8.0_11/jre/lib/i386/libverify.so
f76e5000-f76e6000 rw-p 0000b000 00:21 1846091                            /home/fadi/jdk1.8.0_11/jre/lib/i386/libverify.so
f76e6000-f76e8000 rw-p 00000000 00:00 0 
f76e8000-f76e9000 r-xp 00000000 00:00 0                                  [vdso]
f76e9000-f7709000 r-xp 00000000 08:06 395149                             /lib/i386-linux-gnu/ld-2.19.so
f7709000-f770a000 r--p 0001f000 08:06 395149                             /lib/i386-linux-gnu/ld-2.19.so
f770a000-f770b000 rw-p 00020000 08:06 395149                             /lib/i386-linux-gnu/ld-2.19.so
ffcc2000-ffcc3000 rwxp 00000000 00:00 0 
ffcf5000-ffd16000 rw-p 00000000 00:00 0                                  [stack]

VM Arguments:
jvm_args: -Djava.awt.headless=true -Xmx1024M -Dfile.encoding=UTF-8 -Duser.country=US -Duser.language=en -Duser.variant 
java_command: com.android.dx.command.Main --dex --num-threads=4 --output /home/fadi/AndroidStudioProjects/random/app/build/intermediates/pre-dexed/debug/com.android.support-support-v4-23.1.1_02caba7cd8bcb5416bc6f60502445bc4fa1a5fe8.jar /home/fadi/AndroidStudioProjects/random/app/build/intermediates/exploded-aar/com.android.support/support-v4/23.1.1/jars/classes.jar
Launcher Type: SUN_STANDARD

Environment Variables:
PATH=/usr/local/sbin:/usr/local/bin:/usr/sbin:/usr/bin:/sbin:/bin:/usr/games:/usr/local/games
SHELL=/bin/bash
DISPLAY=:0

Signal Handlers:
SIGSEGV: [libjvm.so+0x7eb620], sa_mask[0]=0x7ffbfeff, sa_flags=0x10000004
SIGBUS: [libjvm.so+0x7eb620], sa_mask[0]=0x7ffbfeff, sa_flags=0x10000004
SIGFPE: [libjvm.so+0x6835c0], sa_mask[0]=0x7ffbfeff, sa_flags=0x10000004
SIGPIPE: [libjvm.so+0x6835c0], sa_mask[0]=0x7ffbfeff, sa_flags=0x10000004
SIGXFSZ: [libjvm.so+0x6835c0], sa_mask[0]=0x7ffbfeff, sa_flags=0x10000004
SIGILL: [libjvm.so+0x6835c0], sa_mask[0]=0x7ffbfeff, sa_flags=0x10000004
SIGUSR1: SIG_DFL, sa_mask[0]=0x00000000, sa_flags=0x00000000
SIGUSR2: [libjvm.so+0x684dc0], sa_mask[0]=0x00000004, sa_flags=0x10000004
SIGHUP: [libjvm.so+0x6860f0], sa_mask[0]=0x7ffbfeff, sa_flags=0x10000004
SIGINT: [libjvm.so+0x6860f0], sa_mask[0]=0x7ffbfeff, sa_flags=0x10000004
SIGTERM: [libjvm.so+0x6860f0], sa_mask[0]=0x7ffbfeff, sa_flags=0x10000004
SIGQUIT: [libjvm.so+0x6860f0], sa_mask[0]=0x7ffbfeff, sa_flags=0x10000004


---------------  S Y S T E M  ---------------

OS:jessie/sid

uname:Linux 3.13.0-68-generic #111-Ubuntu SMP Fri Nov 6 18:17:06 UTC 2015 x86_64
libc:glibc 2.19 NPTL 2.19 
rlimit: STACK 8192k, CORE 0k, NPROC 30701, NOFILE 4096, AS infinity
load average:29.74 13.37 6.31

/proc/meminfo:
MemTotal:        3959580 kB
MemFree:          102608 kB
Buffers:             244 kB
Cached:           584088 kB
SwapCached:            0 kB
Active:          3103640 kB
Inactive:         571468 kB
Active(anon):    3100744 kB
Inactive(anon):   557208 kB
Active(file):       2896 kB
Inactive(file):    14260 kB
Unevictable:          32 kB
Mlocked:              32 kB
SwapTotal:             0 kB
SwapFree:              0 kB
Dirty:               128 kB
Writeback:             0 kB
AnonPages:       3090944 kB
Mapped:           142780 kB
Shmem:            567040 kB
Slab:              83748 kB
SReclaimable:      30968 kB
SUnreclaim:        52780 kB
KernelStack:        5696 kB
PageTables:        34736 kB
NFS_Unstable:          0 kB
Bounce:                0 kB
WritebackTmp:          0 kB
CommitLimit:     1979788 kB
Committed_AS:    8688504 kB
VmallocTotal:   34359738367 kB
VmallocUsed:      349780 kB
VmallocChunk:   34359301980 kB
HardwareCorrupted:     0 kB
AnonHugePages:    884736 kB
HugePages_Total:       0
HugePages_Free:        0
HugePages_Rsvd:        0
HugePages_Surp:        0
Hugepagesize:       2048 kB
DirectMap4k:       74304 kB
DirectMap2M:     4032512 kB


CPU:total 4 (2 cores per cpu, 2 threads per core) family 6 model 42 stepping 7, cmov, cx8, fxsr, mmx, sse, sse2, sse3, ssse3, sse4.1, sse4.2, popcnt, avx, ht, tsc, tscinvbit

/proc/cpuinfo:
processor	: 0
vendor_id	: GenuineIntel
cpu family	: 6
model		: 42
model name	: Intel(R) Core(TM) i3-2310M CPU @ 2.10GHz
stepping	: 7
microcode	: 0x14
cpu MHz		: 2100.000
cache size	: 3072 KB
physical id	: 0
siblings	: 4
core id		: 0
cpu cores	: 2
apicid		: 0
initial apicid	: 0
fpu		: yes
fpu_exception	: yes
cpuid level	: 13
wp		: yes
flags		: fpu vme de pse tsc msr pae mce cx8 apic sep mtrr pge mca cmov pat pse36 clflush dts acpi mmx fxsr sse sse2 ss ht tm pbe syscall nx rdtscp lm constant_tsc arch_perfmon pebs bts nopl xtopology nonstop_tsc aperfmperf eagerfpu pni pclmulqdq dtes64 monitor ds_cpl vmx est tm2 ssse3 cx16 xtpr pdcm pcid sse4_1 sse4_2 x2apic popcnt tsc_deadline_timer xsave avx lahf_lm arat epb xsaveopt pln pts dtherm tpr_shadow vnmi flexpriority ept vpid
bogomips	: 4190.63
clflush size	: 64
cache_alignment	: 64
address sizes	: 36 bits physical, 48 bits virtual
power management:

processor	: 1
vendor_id	: GenuineIntel
cpu family	: 6
model		: 42
model name	: Intel(R) Core(TM) i3-2310M CPU @ 2.10GHz
stepping	: 7
microcode	: 0x14
cpu MHz		: 2100.000
cache size	: 3072 KB
physical id	: 0
siblings	: 4
core id		: 0
cpu cores	: 2
apicid		: 1
initial apicid	: 1
fpu		: yes
fpu_exception	: yes
cpuid level	: 13
wp		: yes
flags		: fpu vme de pse tsc msr pae mce cx8 apic sep mtrr pge mca cmov pat pse36 clflush dts acpi mmx fxsr sse sse2 ss ht tm pbe syscall nx rdtscp lm constant_tsc arch_perfmon pebs bts nopl xtopology nonstop_tsc aperfmperf eagerfpu pni pclmulqdq dtes64 monitor ds_cpl vmx est tm2 ssse3 cx16 xtpr pdcm pcid sse4_1 sse4_2 x2apic popcnt tsc_deadline_timer xsave avx lahf_lm arat epb xsaveopt pln pts dtherm tpr_shadow vnmi flexpriority ept vpid
bogomips	: 4190.63
clflush size	: 64
cache_alignment	: 64
address sizes	: 36 bits physical, 48 bits virtual
power management:

processor	: 2
vendor_id	: GenuineIntel
cpu family	: 6
model		: 42
model name	: Intel(R) Core(TM) i3-2310M CPU @ 2.10GHz
stepping	: 7
microcode	: 0x14
cpu MHz		: 2100.000
cache size	: 3072 KB
physical id	: 0
siblings	: 4
core id		: 1
cpu cores	: 2
apicid		: 2
initial apicid	: 2
fpu		: yes
fpu_exception	: yes
cpuid level	: 13
wp		: yes
flags		: fpu vme de pse tsc msr pae mce cx8 apic sep mtrr pge mca cmov pat pse36 clflush dts acpi mmx fxsr sse sse2 ss ht tm pbe syscall nx rdtscp lm constant_tsc arch_perfmon pebs bts nopl xtopology nonstop_tsc aperfmperf eagerfpu pni pclmulqdq dtes64 monitor ds_cpl vmx est tm2 ssse3 cx16 xtpr pdcm pcid sse4_1 sse4_2 x2apic popcnt tsc_deadline_timer xsave avx lahf_lm arat epb xsaveopt pln pts dtherm tpr_shadow vnmi flexpriority ept vpid
bogomips	: 4190.63
clflush size	: 64
cache_alignment	: 64
address sizes	: 36 bits physical, 48 bits virtual
power management:

processor	: 3
vendor_id	: GenuineIntel
cpu family	: 6
model		: 42
model name	: Intel(R) Core(TM) i3-2310M CPU @ 2.10GHz
stepping	: 7
microcode	: 0x14
cpu MHz		: 2100.000
cache size	: 3072 KB
physical id	: 0
siblings	: 4
core id		: 1
cpu cores	: 2
apicid		: 3
initial apicid	: 3
fpu		: yes
fpu_exception	: yes
cpuid level	: 13
wp		: yes
flags		: fpu vme de pse tsc msr pae mce cx8 apic sep mtrr pge mca cmov pat pse36 clflush dts acpi mmx fxsr sse sse2 ss ht tm pbe syscall nx rdtscp lm constant_tsc arch_perfmon pebs bts nopl xtopology nonstop_tsc aperfmperf eagerfpu pni pclmulqdq dtes64 monitor ds_cpl vmx est tm2 ssse3 cx16 xtpr pdcm pcid sse4_1 sse4_2 x2apic popcnt tsc_deadline_timer xsave avx lahf_lm arat epb xsaveopt pln pts dtherm tpr_shadow vnmi flexpriority ept vpid
bogomips	: 4190.63
clflush size	: 64
cache_alignment	: 64
address sizes	: 36 bits physical, 48 bits virtual
power management:



Memory: 4k page, physical 3959580k(109956k free), swap 0k(0k free)

vm_info: Java HotSpot(TM) Server VM (24.79-b02) for linux-x86 JRE (1.7.0_79-b15), built on Apr 10 2015 11:52:49 by "java_re" with gcc 4.3.0 20080428 (Red Hat 4.3.0-8)

time: Sat Nov 28 01:16:20 2015
elapsed time: 131 seconds

